<?xml version="1.0" encoding="UTF-8"?>
<testsuite xmlns:xsi="http://www.w3.org/2001/XMLSchema-instance" xsi:noNamespaceSchemaLocation="https://maven.apache.org/surefire/maven-surefire-plugin/xsd/surefire-test-report.xsd" name="com.solactive.demo.application.controller.FinancialControllerTest" time="9.257" tests="4" errors="0" skipped="0" failures="0">
  <properties>
[...]
</properties>
  <testcase name="testCreateIndexInformationFor" classname="com.solactive.demo.application.controller.FinancialControllerTest" time="0.127"/>
  <testcase name="testGetIndexInformationForInstrument" classname="com.solactive.demo.application.controller.FinancialControllerTest" time="0.019"/>
  <testcase name="testGetIndexInformationFor" classname="com.solactive.demo.application.controller.FinancialControllerTest" time="0.01"/>
  <testcase name="testCreateIndexInformationForNoContent" classname="com.solactive.demo.application.controller.FinancialControllerTest" time="0.012"/>
</testsuite>